2024-11-17 23:32:46,099 [Worker-6: Loading available Gradle versions] INFO  o.e.b.c.i.u.g.PublishedGradleVersions - Gradle version information cache is up-to-date. Trying to read.
2024-11-17 23:33:48,741 [Worker-9: Launching mavenrun-86902dda-1181-421f-bb15-b4cafa12e78c] INFO  o.eclipse.m2e.core.internal.Bundles - getClasspathEntries(Bundle=org.eclipse.m2e.maven.runtime_3.9.900.20240824-1409 [643])
2024-11-17 23:33:48,746 [Worker-9: Launching mavenrun-86902dda-1181-421f-bb15-b4cafa12e78c] INFO  o.eclipse.m2e.core.internal.Bundles - 	Entry: D:\eclipse\plugins\org.eclipse.m2e.maven.runtime_3.9.900.20240824-1409
2024-11-17 23:33:48,746 [Worker-9: Launching mavenrun-86902dda-1181-421f-bb15-b4cafa12e78c] INFO  o.eclipse.m2e.core.internal.Bundles - 	Entry: D:\eclipse\plugins\org.eclipse.m2e.maven.runtime_3.9.900.20240824-1409\jars\aopalliance-1.0.jar
2024-11-17 23:33:48,747 [Worker-9: Launching mavenrun-86902dda-1181-421f-bb15-b4cafa12e78c] INFO  o.eclipse.m2e.core.internal.Bundles - 	Entry: D:\eclipse\plugins\org.eclipse.m2e.maven.runtime_3.9.900.20240824-1409\jars\guice-5.1.0.jar
2024-11-17 23:33:48,747 [Worker-9: Launching mavenrun-86902dda-1181-421f-bb15-b4cafa12e78c] INFO  o.eclipse.m2e.core.internal.Bundles - 	Entry: D:\eclipse\plugins\org.eclipse.m2e.maven.runtime_3.9.900.20240824-1409\jars\httpclient-4.5.14.jar
2024-11-17 23:33:48,747 [Worker-9: Launching mavenrun-86902dda-1181-421f-bb15-b4cafa12e78c] INFO  o.eclipse.m2e.core.internal.Bundles - 	Entry: D:\eclipse\plugins\org.eclipse.m2e.maven.runtime_3.9.900.20240824-1409\jars\httpcore-4.4.16.jar
2024-11-17 23:33:48,747 [Worker-9: Launching mavenrun-86902dda-1181-421f-bb15-b4cafa12e78c] INFO  o.eclipse.m2e.core.internal.Bundles - 	Entry: D:\eclipse\plugins\org.eclipse.m2e.maven.runtime_3.9.900.20240824-1409\jars\jansi-2.4.1.jar
2024-11-17 23:33:48,747 [Worker-9: Launching mavenrun-86902dda-1181-421f-bb15-b4cafa12e78c] INFO  o.eclipse.m2e.core.internal.Bundles - 	Entry: D:\eclipse\plugins\org.eclipse.m2e.maven.runtime_3.9.900.20240824-1409\jars\jcl-over-slf4j-1.7.36.jar
2024-11-17 23:33:48,747 [Worker-9: Launching mavenrun-86902dda-1181-421f-bb15-b4cafa12e78c] INFO  o.eclipse.m2e.core.internal.Bundles - 	Entry: D:\eclipse\plugins\org.eclipse.m2e.maven.runtime_3.9.900.20240824-1409\jars\maven-artifact-3.9.9.jar
2024-11-17 23:33:48,747 [Worker-9: Launching mavenrun-86902dda-1181-421f-bb15-b4cafa12e78c] INFO  o.eclipse.m2e.core.internal.Bundles - 	Entry: D:\eclipse\plugins\org.eclipse.m2e.maven.runtime_3.9.900.20240824-1409\jars\maven-builder-support-3.9.9.jar
2024-11-17 23:33:48,747 [Worker-9: Launching mavenrun-86902dda-1181-421f-bb15-b4cafa12e78c] INFO  o.eclipse.m2e.core.internal.Bundles - 	Entry: D:\eclipse\plugins\org.eclipse.m2e.maven.runtime_3.9.900.20240824-1409\jars\maven-compat-3.9.9.jar
2024-11-17 23:33:48,747 [Worker-9: Launching mavenrun-86902dda-1181-421f-bb15-b4cafa12e78c] INFO  o.eclipse.m2e.core.internal.Bundles - 	Entry: D:\eclipse\plugins\org.eclipse.m2e.maven.runtime_3.9.900.20240824-1409\jars\maven-core-3.9.9.jar
2024-11-17 23:33:48,748 [Worker-9: Launching mavenrun-86902dda-1181-421f-bb15-b4cafa12e78c] INFO  o.eclipse.m2e.core.internal.Bundles - 	Entry: D:\eclipse\plugins\org.eclipse.m2e.maven.runtime_3.9.900.20240824-1409\jars\maven-embedder-3.9.9.jar
2024-11-17 23:33:48,748 [Worker-9: Launching mavenrun-86902dda-1181-421f-bb15-b4cafa12e78c] INFO  o.eclipse.m2e.core.internal.Bundles - 	Entry: D:\eclipse\plugins\org.eclipse.m2e.maven.runtime_3.9.900.20240824-1409\jars\maven-model-3.9.9.jar
2024-11-17 23:33:48,748 [Worker-9: Launching mavenrun-86902dda-1181-421f-bb15-b4cafa12e78c] INFO  o.eclipse.m2e.core.internal.Bundles - 	Entry: D:\eclipse\plugins\org.eclipse.m2e.maven.runtime_3.9.900.20240824-1409\jars\maven-model-builder-3.9.9.jar
2024-11-17 23:33:48,748 [Worker-9: Launching mavenrun-86902dda-1181-421f-bb15-b4cafa12e78c] INFO  o.eclipse.m2e.core.internal.Bundles - 	Entry: D:\eclipse\plugins\org.eclipse.m2e.maven.runtime_3.9.900.20240824-1409\jars\maven-plugin-api-3.9.9.jar
2024-11-17 23:33:48,748 [Worker-9: Launching mavenrun-86902dda-1181-421f-bb15-b4cafa12e78c] INFO  o.eclipse.m2e.core.internal.Bundles - 	Entry: D:\eclipse\plugins\org.eclipse.m2e.maven.runtime_3.9.900.20240824-1409\jars\maven-repository-metadata-3.9.9.jar
2024-11-17 23:33:48,748 [Worker-9: Launching mavenrun-86902dda-1181-421f-bb15-b4cafa12e78c] INFO  o.eclipse.m2e.core.internal.Bundles - 	Entry: D:\eclipse\plugins\org.eclipse.m2e.maven.runtime_3.9.900.20240824-1409\jars\maven-resolver-api-1.9.22.jar
2024-11-17 23:33:48,748 [Worker-9: Launching mavenrun-86902dda-1181-421f-bb15-b4cafa12e78c] INFO  o.eclipse.m2e.core.internal.Bundles - 	Entry: D:\eclipse\plugins\org.eclipse.m2e.maven.runtime_3.9.900.20240824-1409\jars\maven-resolver-connector-basic-1.9.22.jar
2024-11-17 23:33:48,748 [Worker-9: Launching mavenrun-86902dda-1181-421f-bb15-b4cafa12e78c] INFO  o.eclipse.m2e.core.internal.Bundles - 	Entry: D:\eclipse\plugins\org.eclipse.m2e.maven.runtime_3.9.900.20240824-1409\jars\maven-resolver-impl-1.9.22.jar
2024-11-17 23:33:48,748 [Worker-9: Launching mavenrun-86902dda-1181-421f-bb15-b4cafa12e78c] INFO  o.eclipse.m2e.core.internal.Bundles - 	Entry: D:\eclipse\plugins\org.eclipse.m2e.maven.runtime_3.9.900.20240824-1409\jars\maven-resolver-named-locks-1.9.22.jar
2024-11-17 23:33:48,748 [Worker-9: Launching mavenrun-86902dda-1181-421f-bb15-b4cafa12e78c] INFO  o.eclipse.m2e.core.internal.Bundles - 	Entry: D:\eclipse\plugins\org.eclipse.m2e.maven.runtime_3.9.900.20240824-1409\jars\maven-resolver-provider-3.9.9.jar
2024-11-17 23:33:48,748 [Worker-9: Launching mavenrun-86902dda-1181-421f-bb15-b4cafa12e78c] INFO  o.eclipse.m2e.core.internal.Bundles - 	Entry: D:\eclipse\plugins\org.eclipse.m2e.maven.runtime_3.9.900.20240824-1409\jars\maven-resolver-spi-1.9.22.jar
2024-11-17 23:33:48,748 [Worker-9: Launching mavenrun-86902dda-1181-421f-bb15-b4cafa12e78c] INFO  o.eclipse.m2e.core.internal.Bundles - 	Entry: D:\eclipse\plugins\org.eclipse.m2e.maven.runtime_3.9.900.20240824-1409\jars\maven-resolver-transport-file-1.9.22.jar
2024-11-17 23:33:48,748 [Worker-9: Launching mavenrun-86902dda-1181-421f-bb15-b4cafa12e78c] INFO  o.eclipse.m2e.core.internal.Bundles - 	Entry: D:\eclipse\plugins\org.eclipse.m2e.maven.runtime_3.9.900.20240824-1409\jars\maven-resolver-transport-http-1.9.22.jar
2024-11-17 23:33:48,749 [Worker-9: Launching mavenrun-86902dda-1181-421f-bb15-b4cafa12e78c] INFO  o.eclipse.m2e.core.internal.Bundles - 	Entry: D:\eclipse\plugins\org.eclipse.m2e.maven.runtime_3.9.900.20240824-1409\jars\maven-resolver-transport-wagon-1.9.22.jar
2024-11-17 23:33:48,749 [Worker-9: Launching mavenrun-86902dda-1181-421f-bb15-b4cafa12e78c] INFO  o.eclipse.m2e.core.internal.Bundles - 	Entry: D:\eclipse\plugins\org.eclipse.m2e.maven.runtime_3.9.900.20240824-1409\jars\maven-resolver-util-1.9.22.jar
2024-11-17 23:33:48,749 [Worker-9: Launching mavenrun-86902dda-1181-421f-bb15-b4cafa12e78c] INFO  o.eclipse.m2e.core.internal.Bundles - 	Entry: D:\eclipse\plugins\org.eclipse.m2e.maven.runtime_3.9.900.20240824-1409\jars\maven-settings-3.9.9.jar
2024-11-17 23:33:48,749 [Worker-9: Launching mavenrun-86902dda-1181-421f-bb15-b4cafa12e78c] INFO  o.eclipse.m2e.core.internal.Bundles - 	Entry: D:\eclipse\plugins\org.eclipse.m2e.maven.runtime_3.9.900.20240824-1409\jars\maven-settings-builder-3.9.9.jar
2024-11-17 23:33:48,749 [Worker-9: Launching mavenrun-86902dda-1181-421f-bb15-b4cafa12e78c] INFO  o.eclipse.m2e.core.internal.Bundles - 	Entry: D:\eclipse\plugins\org.eclipse.m2e.maven.runtime_3.9.900.20240824-1409\jars\maven-shared-utils-3.4.2.jar
2024-11-17 23:33:48,749 [Worker-9: Launching mavenrun-86902dda-1181-421f-bb15-b4cafa12e78c] INFO  o.eclipse.m2e.core.internal.Bundles - 	Entry: D:\eclipse\plugins\org.eclipse.m2e.maven.runtime_3.9.900.20240824-1409\jars\org.eclipse.sisu.inject-0.9.0.M3.jar
2024-11-17 23:33:48,749 [Worker-9: Launching mavenrun-86902dda-1181-421f-bb15-b4cafa12e78c] INFO  o.eclipse.m2e.core.internal.Bundles - 	Entry: D:\eclipse\plugins\org.eclipse.m2e.maven.runtime_3.9.900.20240824-1409\jars\org.eclipse.sisu.plexus-0.9.0.M3.jar
2024-11-17 23:33:48,749 [Worker-9: Launching mavenrun-86902dda-1181-421f-bb15-b4cafa12e78c] INFO  o.eclipse.m2e.core.internal.Bundles - 	Entry: D:\eclipse\plugins\org.eclipse.m2e.maven.runtime_3.9.900.20240824-1409\jars\plexus-build-api-0.0.7.jar
2024-11-17 23:33:48,749 [Worker-9: Launching mavenrun-86902dda-1181-421f-bb15-b4cafa12e78c] INFO  o.eclipse.m2e.core.internal.Bundles - 	Entry: D:\eclipse\plugins\org.eclipse.m2e.maven.runtime_3.9.900.20240824-1409\jars\plexus-build-api-1.2.0.jar
2024-11-17 23:33:48,749 [Worker-9: Launching mavenrun-86902dda-1181-421f-bb15-b4cafa12e78c] INFO  o.eclipse.m2e.core.internal.Bundles - 	Entry: D:\eclipse\plugins\org.eclipse.m2e.maven.runtime_3.9.900.20240824-1409\jars\plexus-cipher-2.0.jar
2024-11-17 23:33:48,749 [Worker-9: Launching mavenrun-86902dda-1181-421f-bb15-b4cafa12e78c] INFO  o.eclipse.m2e.core.internal.Bundles - 	Entry: D:\eclipse\plugins\org.eclipse.m2e.maven.runtime_3.9.900.20240824-1409\jars\plexus-classworlds-2.8.0.jar
2024-11-17 23:33:48,749 [Worker-9: Launching mavenrun-86902dda-1181-421f-bb15-b4cafa12e78c] INFO  o.eclipse.m2e.core.internal.Bundles - 	Entry: D:\eclipse\plugins\org.eclipse.m2e.maven.runtime_3.9.900.20240824-1409\jars\plexus-component-annotations-2.1.0.jar
2024-11-17 23:33:48,750 [Worker-9: Launching mavenrun-86902dda-1181-421f-bb15-b4cafa12e78c] INFO  o.eclipse.m2e.core.internal.Bundles - 	Entry: D:\eclipse\plugins\org.eclipse.m2e.maven.runtime_3.9.900.20240824-1409\jars\plexus-interpolation-1.27.jar
2024-11-17 23:33:48,750 [Worker-9: Launching mavenrun-86902dda-1181-421f-bb15-b4cafa12e78c] INFO  o.eclipse.m2e.core.internal.Bundles - 	Entry: D:\eclipse\plugins\org.eclipse.m2e.maven.runtime_3.9.900.20240824-1409\jars\plexus-sec-dispatcher-2.0.jar
2024-11-17 23:33:48,750 [Worker-9: Launching mavenrun-86902dda-1181-421f-bb15-b4cafa12e78c] INFO  o.eclipse.m2e.core.internal.Bundles - 	Entry: D:\eclipse\plugins\org.eclipse.m2e.maven.runtime_3.9.900.20240824-1409\jars\plexus-utils-3.5.1.jar
2024-11-17 23:33:48,750 [Worker-9: Launching mavenrun-86902dda-1181-421f-bb15-b4cafa12e78c] INFO  o.eclipse.m2e.core.internal.Bundles - 	Entry: D:\eclipse\plugins\org.eclipse.m2e.maven.runtime_3.9.900.20240824-1409\jars\plexus-xml-3.0.1.jar
2024-11-17 23:33:48,750 [Worker-9: Launching mavenrun-86902dda-1181-421f-bb15-b4cafa12e78c] INFO  o.eclipse.m2e.core.internal.Bundles - 	Entry: D:\eclipse\plugins\org.eclipse.m2e.maven.runtime_3.9.900.20240824-1409\jars\wagon-file-3.5.3.jar
2024-11-17 23:33:48,750 [Worker-9: Launching mavenrun-86902dda-1181-421f-bb15-b4cafa12e78c] INFO  o.eclipse.m2e.core.internal.Bundles - 	Entry: D:\eclipse\plugins\org.eclipse.m2e.maven.runtime_3.9.900.20240824-1409\jars\wagon-http-3.5.3.jar
2024-11-17 23:33:48,751 [Worker-9: Launching mavenrun-86902dda-1181-421f-bb15-b4cafa12e78c] INFO  o.eclipse.m2e.core.internal.Bundles - 	Entry: D:\eclipse\plugins\org.eclipse.m2e.maven.runtime_3.9.900.20240824-1409\jars\wagon-http-shared-3.5.3.jar
2024-11-17 23:33:48,751 [Worker-9: Launching mavenrun-86902dda-1181-421f-bb15-b4cafa12e78c] INFO  o.eclipse.m2e.core.internal.Bundles - 	Entry: D:\eclipse\plugins\org.eclipse.m2e.maven.runtime_3.9.900.20240824-1409\jars\wagon-provider-api-3.5.3.jar
2024-11-17 23:33:48,753 [Worker-9: Launching mavenrun-86902dda-1181-421f-bb15-b4cafa12e78c] INFO  o.eclipse.m2e.core.internal.Bundles - getClasspathEntries(Bundle=com.google.guava_33.3.0.jre [16])
2024-11-17 23:33:48,754 [Worker-9: Launching mavenrun-86902dda-1181-421f-bb15-b4cafa12e78c] INFO  o.eclipse.m2e.core.internal.Bundles - 	Entry: D:\eclipse\plugins\com.google.guava_33.3.0.jre.jar
2024-11-17 23:33:48,754 [Worker-9: Launching mavenrun-86902dda-1181-421f-bb15-b4cafa12e78c] INFO  o.eclipse.m2e.core.internal.Bundles - getClasspathEntries(Bundle=slf4j.api_2.0.16 [1008])
2024-11-17 23:33:48,755 [Worker-9: Launching mavenrun-86902dda-1181-421f-bb15-b4cafa12e78c] INFO  o.eclipse.m2e.core.internal.Bundles - 	Entry: D:\eclipse\plugins\slf4j.api_2.0.16.jar
2024-11-17 23:33:48,755 [Worker-9: Launching mavenrun-86902dda-1181-421f-bb15-b4cafa12e78c] INFO  o.eclipse.m2e.core.internal.Bundles - getClasspathEntries(Bundle=jakarta.inject.jakarta.inject-api_1.0.5 [34])
2024-11-17 23:33:48,755 [Worker-9: Launching mavenrun-86902dda-1181-421f-bb15-b4cafa12e78c] INFO  o.eclipse.m2e.core.internal.Bundles - 	Entry: D:\eclipse\plugins\jakarta.inject.jakarta.inject-api_1.0.5.jar
2024-11-17 23:33:48,755 [Worker-9: Launching mavenrun-86902dda-1181-421f-bb15-b4cafa12e78c] INFO  o.eclipse.m2e.core.internal.Bundles - getClasspathEntries(Bundle=jakarta.annotation-api_1.3.5 [29])
2024-11-17 23:33:48,755 [Worker-9: Launching mavenrun-86902dda-1181-421f-bb15-b4cafa12e78c] INFO  o.eclipse.m2e.core.internal.Bundles - 	Entry: D:\eclipse\plugins\jakarta.annotation-api_1.3.5.jar
2024-11-17 23:33:48,755 [Worker-9: Launching mavenrun-86902dda-1181-421f-bb15-b4cafa12e78c] INFO  o.eclipse.m2e.core.internal.Bundles - getClasspathEntries(Bundle=org.apache.commons.cli_1.9.0 [78])
2024-11-17 23:33:48,756 [Worker-9: Launching mavenrun-86902dda-1181-421f-bb15-b4cafa12e78c] INFO  o.eclipse.m2e.core.internal.Bundles - 	Entry: D:\eclipse\plugins\org.apache.commons.cli_1.9.0.jar
2024-11-17 23:33:48,756 [Worker-9: Launching mavenrun-86902dda-1181-421f-bb15-b4cafa12e78c] INFO  o.eclipse.m2e.core.internal.Bundles - getClasspathEntries(Bundle=org.apache.commons.commons-codec_1.16.0 [81])
2024-11-17 23:33:48,756 [Worker-9: Launching mavenrun-86902dda-1181-421f-bb15-b4cafa12e78c] INFO  o.eclipse.m2e.core.internal.Bundles - 	Entry: D:\eclipse\plugins\org.apache.commons.commons-codec_1.16.0.jar
2024-11-17 23:33:48,756 [Worker-9: Launching mavenrun-86902dda-1181-421f-bb15-b4cafa12e78c] INFO  o.eclipse.m2e.core.internal.Bundles - getClasspathEntries(Bundle=com.google.guava.failureaccess_1.0.2 [17])
2024-11-17 23:33:48,756 [Worker-9: Launching mavenrun-86902dda-1181-421f-bb15-b4cafa12e78c] INFO  o.eclipse.m2e.core.internal.Bundles - 	Entry: D:\eclipse\plugins\com.google.guava.failureaccess_1.0.2.jar
2024-11-17 23:33:48,767 [Worker-9: Launching mavenrun-86902dda-1181-421f-bb15-b4cafa12e78c] INFO  o.e.m.i.launch.MavenLaunchDelegate - Run build in "C:\Users\yoges\AppData\Local\Temp\m2e-archetypeGenerator134902418857594511":
2024-11-17 23:33:48,773 [Worker-9: Launching mavenrun-86902dda-1181-421f-bb15-b4cafa12e78c] INFO  o.e.m.i.launch.MavenLaunchDelegate -  mvn  -DarchetypeGroupId=org.apache.maven.archetypes -DarchetypeArtifactId=maven-archetype-quickstart -DarchetypeVersion=1.1 -DgroupId=Spring_1 -DartifactId=Spring_1 -Dversion=0.0.1-SNAPSHOT -Dpackage=com.mycompany -DoutputDirectory=D:\Spring_Core -Dstyle.color=always -U archetype:generate
2024-11-17 23:34:23,683 [Worker-0: Creating maven-archetype-quickstart] INFO  o.e.m.c.i.p.ProjectConfigurationManager - Collecting project info '/pom.xml' D:\Spring_Core\Spring_1\pom.xml
2024-11-17 23:34:25,340 [Worker-0: Creating maven-archetype-quickstart] INFO  o.e.m.c.i.l.LifecycleMappingFactory - Using org.eclipse.m2e.jdt.JarLifecycleMapping lifecycle mapping for MavenProject: Spring_1:Spring_1:0.0.1-SNAPSHOT @ D:\Spring_Core\Spring_1\pom.xml.
2024-11-17 23:34:26,881 [Worker-0: Creating maven-archetype-quickstart] INFO  o.e.m.j.i.AbstractJavaProjectConfigurator - Adding source folder /Spring_1/src/main/java
2024-11-17 23:34:26,883 [Worker-0: Creating maven-archetype-quickstart] INFO  o.e.m.j.i.AbstractJavaProjectConfigurator - Adding resource folder /Spring_1/src/main/resources
2024-11-17 23:34:26,891 [Worker-0: Creating maven-archetype-quickstart] INFO  o.e.m.j.i.AbstractJavaProjectConfigurator - Adding source folder /Spring_1/src/test/java
2024-11-17 23:34:26,892 [Worker-0: Creating maven-archetype-quickstart] INFO  o.e.m.j.i.AbstractJavaProjectConfigurator - Adding resource folder /Spring_1/src/test/resources
2024-11-17 23:34:27,108 [Worker-0: Creating maven-archetype-quickstart] INFO  o.e.m.c.i.p.ProjectConfigurationManager - Imported and configured 1 project(s) in 3 sec
2024-11-17 23:34:28,234 [Worker-9: Building] INFO  o.a.m.s.f.DefaultMavenResourcesFiltering - skip non existing resourceDirectory D:\Spring_Core\Spring_1\src\main\resources
2024-11-17 23:34:28,240 [Worker-9: Building] INFO  o.a.m.s.f.DefaultMavenResourcesFiltering - skip non existing resourceDirectory D:\Spring_Core\Spring_1\src\test\resources
2024-11-17 23:36:52,011 [Worker-24: Building] INFO  o.e.m.c.i.l.LifecycleMappingFactory - Using org.eclipse.m2e.jdt.JarLifecycleMapping lifecycle mapping for MavenProject: Spring_1:Spring_1:0.0.1-SNAPSHOT @ D:\Spring_Core\Spring_1\pom.xml.
2024-11-17 23:36:52,417 [Worker-24: Building] INFO  o.e.m.c.i.e.AbstractTransferListenerAdapter - Downloading https://repo.maven.apache.org/maven2/org/springframework/spring-core/6.0.10/spring-core-6.0.10.pom
2024-11-17 23:36:52,464 [Worker-24: Building] INFO  o.e.m.c.i.e.AbstractTransferListenerAdapter - Downloaded https://repo.maven.apache.org/maven2/org/springframework/spring-core/6.0.10/spring-core-6.0.10.pom
2024-11-17 23:36:52,545 [Worker-24: Building] INFO  o.e.m.c.i.e.AbstractTransferListenerAdapter - Downloading https://repo.maven.apache.org/maven2/org/springframework/spring-jcl/6.0.10/spring-jcl-6.0.10.pom
2024-11-17 23:36:52,575 [Worker-24: Building] INFO  o.e.m.c.i.e.AbstractTransferListenerAdapter - Downloaded https://repo.maven.apache.org/maven2/org/springframework/spring-jcl/6.0.10/spring-jcl-6.0.10.pom
2024-11-17 23:36:52,652 [Worker-24: Building] INFO  o.e.m.c.i.e.AbstractTransferListenerAdapter - Downloading https://repo.maven.apache.org/maven2/org/springframework/spring-core/6.0.10/spring-core-6.0.10.jar
2024-11-17 23:36:54,599 [Worker-24: Building] INFO  o.e.m.c.i.e.AbstractTransferListenerAdapter - Downloaded https://repo.maven.apache.org/maven2/org/springframework/spring-core/6.0.10/spring-core-6.0.10.jar
2024-11-17 23:36:54,722 [BasicRepositoryConnector-repo.maven.apache.org-0-0] INFO  o.e.m.c.i.e.AbstractTransferListenerAdapter - Downloading https://repo.maven.apache.org/maven2/org/springframework/spring-jcl/6.0.10/spring-jcl-6.0.10.jar
2024-11-17 23:36:55,108 [BasicRepositoryConnector-repo.maven.apache.org-0-0] INFO  o.e.m.c.i.e.AbstractTransferListenerAdapter - Downloaded https://repo.maven.apache.org/maven2/org/springframework/spring-jcl/6.0.10/spring-jcl-6.0.10.jar
2024-11-17 23:36:55,356 [Worker-24: Building] INFO  o.a.m.s.f.DefaultMavenResourcesFiltering - skip non existing resourceDirectory D:\Spring_Core\Spring_1\src\main\resources
2024-11-17 23:36:55,359 [Worker-24: Building] INFO  o.a.m.s.f.DefaultMavenResourcesFiltering - skip non existing resourceDirectory D:\Spring_Core\Spring_1\src\test\resources
2024-11-17 23:36:56,451 [Worker-25: Download sources and javadoc] INFO  o.e.m.c.i.e.AbstractTransferListenerAdapter - Downloading https://repo.maven.apache.org/maven2/org/springframework/spring-core/6.0.10/spring-core-6.0.10-sources.jar
2024-11-17 23:36:56,870 [Worker-23: Building] INFO  o.a.m.s.f.DefaultMavenResourcesFiltering - skip non existing resourceDirectory D:\Spring_Core\Spring_1\src\main\resources
2024-11-17 23:36:56,872 [Worker-23: Building] INFO  o.a.m.s.f.DefaultMavenResourcesFiltering - skip non existing resourceDirectory D:\Spring_Core\Spring_1\src\test\resources
2024-11-17 23:36:57,527 [Worker-25: Download sources and javadoc] INFO  o.e.m.c.i.e.AbstractTransferListenerAdapter - Downloaded https://repo.maven.apache.org/maven2/org/springframework/spring-core/6.0.10/spring-core-6.0.10-sources.jar
2024-11-17 23:36:57,533 [Worker-25: Download sources and javadoc] INFO  o.e.m.j.internal.DownloadSourcesJob - Downloaded sources for org.springframework:spring-core:6.0.10
2024-11-17 23:36:57,779 [Worker-25: Download sources and javadoc] INFO  o.e.m.c.i.e.AbstractTransferListenerAdapter - Downloading https://repo.maven.apache.org/maven2/org/springframework/spring-jcl/6.0.10/spring-jcl-6.0.10-sources.jar
2024-11-17 23:36:58,069 [Worker-25: Download sources and javadoc] INFO  o.e.m.c.i.e.AbstractTransferListenerAdapter - Downloaded https://repo.maven.apache.org/maven2/org/springframework/spring-jcl/6.0.10/spring-jcl-6.0.10-sources.jar
2024-11-17 23:36:58,075 [Worker-25: Download sources and javadoc] INFO  o.e.m.j.internal.DownloadSourcesJob - Downloaded sources for org.springframework:spring-jcl:6.0.10
2024-11-17 23:37:25,494 [Worker-24: Building] INFO  o.a.m.s.f.DefaultMavenResourcesFiltering - skip non existing resourceDirectory D:\Spring_Core\Spring_1\src\main\resources
2024-11-17 23:37:25,500 [Worker-24: Building] INFO  o.a.m.s.f.DefaultMavenResourcesFiltering - skip non existing resourceDirectory D:\Spring_Core\Spring_1\src\test\resources
2024-11-17 23:38:20,491 [Worker-10: Building] INFO  o.a.m.s.f.DefaultMavenResourcesFiltering - skip non existing resourceDirectory D:\Spring_Core\Spring_1\src\main\resources
2024-11-17 23:38:20,494 [Worker-10: Building] INFO  o.a.m.s.f.DefaultMavenResourcesFiltering - skip non existing resourceDirectory D:\Spring_Core\Spring_1\src\test\resources
2024-11-17 23:38:35,431 [Worker-24: Building] INFO  o.a.m.s.f.DefaultMavenResourcesFiltering - skip non existing resourceDirectory D:\Spring_Core\Spring_1\src\main\resources
2024-11-17 23:38:35,434 [Worker-24: Building] INFO  o.a.m.s.f.DefaultMavenResourcesFiltering - skip non existing resourceDirectory D:\Spring_Core\Spring_1\src\test\resources
2024-11-17 23:39:28,746 [Worker-23: Building] INFO  o.a.m.s.f.DefaultMavenResourcesFiltering - skip non existing resourceDirectory D:\Spring_Core\Spring_1\src\main\resources
2024-11-17 23:39:28,749 [Worker-23: Building] INFO  o.a.m.s.f.DefaultMavenResourcesFiltering - skip non existing resourceDirectory D:\Spring_Core\Spring_1\src\test\resources
2024-11-17 23:41:45,731 [Worker-28: Building] INFO  o.a.m.s.f.DefaultMavenResourcesFiltering - skip non existing resourceDirectory D:\Spring_Core\Spring_1\src\main\resources
2024-11-17 23:41:45,734 [Worker-28: Building] INFO  o.a.m.s.f.DefaultMavenResourcesFiltering - skip non existing resourceDirectory D:\Spring_Core\Spring_1\src\test\resources
2024-11-17 23:42:52,468 [Worker-30: Building] INFO  o.a.m.s.f.DefaultMavenResourcesFiltering - skip non existing resourceDirectory D:\Spring_Core\Spring_1\src\main\resources
2024-11-17 23:42:52,470 [Worker-30: Building] INFO  o.a.m.s.f.DefaultMavenResourcesFiltering - skip non existing resourceDirectory D:\Spring_Core\Spring_1\src\test\resources
2024-11-17 23:44:22,401 [Worker-27: Building] INFO  o.a.m.s.f.DefaultMavenResourcesFiltering - skip non existing resourceDirectory D:\Spring_Core\Spring_1\src\main\resources
2024-11-17 23:44:22,403 [Worker-27: Building] INFO  o.a.m.s.f.DefaultMavenResourcesFiltering - skip non existing resourceDirectory D:\Spring_Core\Spring_1\src\test\resources
2024-11-17 23:45:41,690 [Worker-26: Building] INFO  o.a.m.s.f.DefaultMavenResourcesFiltering - skip non existing resourceDirectory D:\Spring_Core\Spring_1\src\main\resources
2024-11-17 23:45:41,692 [Worker-26: Building] INFO  o.a.m.s.f.DefaultMavenResourcesFiltering - skip non existing resourceDirectory D:\Spring_Core\Spring_1\src\test\resources
2024-11-17 23:46:41,437 [Worker-30: Building] INFO  o.a.m.s.f.DefaultMavenResourcesFiltering - skip non existing resourceDirectory D:\Spring_Core\Spring_1\src\main\resources
2024-11-17 23:46:41,442 [Worker-30: Building] INFO  o.a.m.s.f.DefaultMavenResourcesFiltering - skip non existing resourceDirectory D:\Spring_Core\Spring_1\src\test\resources
2024-11-17 23:47:05,527 [Worker-32: Building] INFO  o.a.m.s.f.DefaultMavenResourcesFiltering - skip non existing resourceDirectory D:\Spring_Core\Spring_1\src\main\resources
2024-11-17 23:47:05,529 [Worker-32: Building] INFO  o.a.m.s.f.DefaultMavenResourcesFiltering - skip non existing resourceDirectory D:\Spring_Core\Spring_1\src\test\resources
2024-11-17 23:47:12,742 [Worker-33: Building] INFO  o.a.m.s.f.DefaultMavenResourcesFiltering - skip non existing resourceDirectory D:\Spring_Core\Spring_1\src\main\resources
2024-11-17 23:47:12,743 [Worker-33: Building] INFO  o.a.m.s.f.DefaultMavenResourcesFiltering - skip non existing resourceDirectory D:\Spring_Core\Spring_1\src\test\resources
2024-11-17 23:47:21,375 [Worker-33: Building] INFO  o.a.m.s.f.DefaultMavenResourcesFiltering - skip non existing resourceDirectory D:\Spring_Core\Spring_1\src\main\resources
2024-11-17 23:47:21,377 [Worker-33: Building] INFO  o.a.m.s.f.DefaultMavenResourcesFiltering - skip non existing resourceDirectory D:\Spring_Core\Spring_1\src\test\resources
2024-11-17 23:47:29,231 [Worker-30: Building] INFO  o.a.m.s.f.DefaultMavenResourcesFiltering - skip non existing resourceDirectory D:\Spring_Core\Spring_1\src\main\resources
2024-11-17 23:47:29,233 [Worker-30: Building] INFO  o.a.m.s.f.DefaultMavenResourcesFiltering - skip non existing resourceDirectory D:\Spring_Core\Spring_1\src\test\resources
2024-11-17 23:47:50,620 [Worker-31: Building] INFO  o.a.m.s.f.DefaultMavenResourcesFiltering - skip non existing resourceDirectory D:\Spring_Core\Spring_1\src\main\resources
2024-11-17 23:47:50,621 [Worker-31: Building] INFO  o.a.m.s.f.DefaultMavenResourcesFiltering - skip non existing resourceDirectory D:\Spring_Core\Spring_1\src\test\resources
2024-11-17 23:48:46,598 [Worker-31: Building] INFO  o.a.m.s.f.DefaultMavenResourcesFiltering - skip non existing resourceDirectory D:\Spring_Core\Spring_1\src\main\resources
2024-11-17 23:48:46,600 [Worker-31: Building] INFO  o.a.m.s.f.DefaultMavenResourcesFiltering - skip non existing resourceDirectory D:\Spring_Core\Spring_1\src\test\resources
2024-11-17 23:49:43,485 [Worker-31: Building] INFO  o.a.m.s.f.DefaultMavenResourcesFiltering - skip non existing resourceDirectory D:\Spring_Core\Spring_1\src\main\resources
2024-11-17 23:49:43,486 [Worker-31: Building] INFO  o.a.m.s.f.DefaultMavenResourcesFiltering - skip non existing resourceDirectory D:\Spring_Core\Spring_1\src\test\resources
2024-11-17 23:55:24,144 [Worker-32: Building] INFO  o.e.m.c.i.l.LifecycleMappingFactory - Using org.eclipse.m2e.jdt.JarLifecycleMapping lifecycle mapping for MavenProject: Spring_1:Spring_1:0.0.1-SNAPSHOT @ D:\Spring_Core\Spring_1\pom.xml.
2024-11-17 23:55:24,508 [Worker-32: Building] INFO  o.e.m.c.i.e.AbstractTransferListenerAdapter - Downloading https://repo.maven.apache.org/maven2/org/springframework/spring-context/6.0.10/spring-context-6.0.10.pom
2024-11-17 23:55:24,531 [Worker-32: Building] INFO  o.e.m.c.i.e.AbstractTransferListenerAdapter - Downloaded https://repo.maven.apache.org/maven2/org/springframework/spring-context/6.0.10/spring-context-6.0.10.pom
2024-11-17 23:55:24,629 [Worker-32: Building] INFO  o.e.m.c.i.e.AbstractTransferListenerAdapter - Downloading https://repo.maven.apache.org/maven2/org/springframework/spring-aop/6.0.10/spring-aop-6.0.10.pom
2024-11-17 23:55:24,656 [Worker-32: Building] INFO  o.e.m.c.i.e.AbstractTransferListenerAdapter - Downloaded https://repo.maven.apache.org/maven2/org/springframework/spring-aop/6.0.10/spring-aop-6.0.10.pom
2024-11-17 23:55:24,797 [Worker-32: Building] INFO  o.e.m.c.i.e.AbstractTransferListenerAdapter - Downloading https://repo.maven.apache.org/maven2/org/springframework/spring-beans/6.0.10/spring-beans-6.0.10.pom
2024-11-17 23:55:24,824 [Worker-32: Building] INFO  o.e.m.c.i.e.AbstractTransferListenerAdapter - Downloaded https://repo.maven.apache.org/maven2/org/springframework/spring-beans/6.0.10/spring-beans-6.0.10.pom
2024-11-17 23:55:24,952 [Worker-32: Building] INFO  o.e.m.c.i.e.AbstractTransferListenerAdapter - Downloading https://repo.maven.apache.org/maven2/org/springframework/spring-expression/6.0.10/spring-expression-6.0.10.pom
2024-11-17 23:55:24,980 [Worker-32: Building] INFO  o.e.m.c.i.e.AbstractTransferListenerAdapter - Downloaded https://repo.maven.apache.org/maven2/org/springframework/spring-expression/6.0.10/spring-expression-6.0.10.pom
2024-11-17 23:55:25,094 [Worker-32: Building] INFO  o.e.m.c.i.e.AbstractTransferListenerAdapter - Downloading https://repo.maven.apache.org/maven2/org/springframework/spring-context/6.0.10/spring-context-6.0.10.jar
2024-11-17 23:55:28,055 [Worker-32: Building] INFO  o.e.m.c.i.e.AbstractTransferListenerAdapter - Downloaded https://repo.maven.apache.org/maven2/org/springframework/spring-context/6.0.10/spring-context-6.0.10.jar
2024-11-17 23:55:28,136 [BasicRepositoryConnector-repo.maven.apache.org-1-0] INFO  o.e.m.c.i.e.AbstractTransferListenerAdapter - Downloading https://repo.maven.apache.org/maven2/org/springframework/spring-aop/6.0.10/spring-aop-6.0.10.jar
2024-11-17 23:55:28,336 [BasicRepositoryConnector-repo.maven.apache.org-1-2] INFO  o.e.m.c.i.e.AbstractTransferListenerAdapter - Downloading https://repo.maven.apache.org/maven2/org/springframework/spring-expression/6.0.10/spring-expression-6.0.10.jar
2024-11-17 23:55:28,360 [BasicRepositoryConnector-repo.maven.apache.org-1-1] INFO  o.e.m.c.i.e.AbstractTransferListenerAdapter - Downloading https://repo.maven.apache.org/maven2/org/springframework/spring-beans/6.0.10/spring-beans-6.0.10.jar
2024-11-17 23:55:28,496 [BasicRepositoryConnector-repo.maven.apache.org-1-0] INFO  o.e.m.c.i.e.AbstractTransferListenerAdapter - Downloaded https://repo.maven.apache.org/maven2/org/springframework/spring-aop/6.0.10/spring-aop-6.0.10.jar
2024-11-17 23:55:28,899 [BasicRepositoryConnector-repo.maven.apache.org-1-2] INFO  o.e.m.c.i.e.AbstractTransferListenerAdapter - Downloaded https://repo.maven.apache.org/maven2/org/springframework/spring-expression/6.0.10/spring-expression-6.0.10.jar
2024-11-17 23:55:29,483 [BasicRepositoryConnector-repo.maven.apache.org-1-1] INFO  o.e.m.c.i.e.AbstractTransferListenerAdapter - Downloaded https://repo.maven.apache.org/maven2/org/springframework/spring-beans/6.0.10/spring-beans-6.0.10.jar
2024-11-17 23:55:29,616 [Worker-32: Building] INFO  o.a.m.s.f.DefaultMavenResourcesFiltering - skip non existing resourceDirectory D:\Spring_Core\Spring_1\src\main\resources
2024-11-17 23:55:29,619 [Worker-32: Building] INFO  o.a.m.s.f.DefaultMavenResourcesFiltering - skip non existing resourceDirectory D:\Spring_Core\Spring_1\src\test\resources
2024-11-17 23:55:30,770 [Worker-34: Download sources and javadoc] INFO  o.e.m.c.i.e.AbstractTransferListenerAdapter - Downloading https://repo.maven.apache.org/maven2/org/springframework/spring-context/6.0.10/spring-context-6.0.10-sources.jar
2024-11-17 23:55:30,942 [Worker-35: Building] INFO  o.a.m.s.f.DefaultMavenResourcesFiltering - skip non existing resourceDirectory D:\Spring_Core\Spring_1\src\main\resources
2024-11-17 23:55:30,944 [Worker-35: Building] INFO  o.a.m.s.f.DefaultMavenResourcesFiltering - skip non existing resourceDirectory D:\Spring_Core\Spring_1\src\test\resources
2024-11-17 23:55:31,664 [Worker-34: Download sources and javadoc] INFO  o.e.m.c.i.e.AbstractTransferListenerAdapter - Downloaded https://repo.maven.apache.org/maven2/org/springframework/spring-context/6.0.10/spring-context-6.0.10-sources.jar
2024-11-17 23:55:31,670 [Worker-34: Download sources and javadoc] INFO  o.e.m.j.internal.DownloadSourcesJob - Downloaded sources for org.springframework:spring-context:6.0.10
2024-11-17 23:55:31,905 [Worker-34: Download sources and javadoc] INFO  o.e.m.c.i.e.AbstractTransferListenerAdapter - Downloading https://repo.maven.apache.org/maven2/org/springframework/spring-aop/6.0.10/spring-aop-6.0.10-sources.jar
2024-11-17 23:55:32,443 [Worker-34: Download sources and javadoc] INFO  o.e.m.c.i.e.AbstractTransferListenerAdapter - Downloaded https://repo.maven.apache.org/maven2/org/springframework/spring-aop/6.0.10/spring-aop-6.0.10-sources.jar
2024-11-17 23:55:32,449 [Worker-34: Download sources and javadoc] INFO  o.e.m.j.internal.DownloadSourcesJob - Downloaded sources for org.springframework:spring-aop:6.0.10
2024-11-17 23:55:32,803 [Worker-34: Download sources and javadoc] INFO  o.e.m.c.i.e.AbstractTransferListenerAdapter - Downloading https://repo.maven.apache.org/maven2/org/springframework/spring-beans/6.0.10/spring-beans-6.0.10-sources.jar
2024-11-17 23:55:33,383 [Worker-34: Download sources and javadoc] INFO  o.e.m.c.i.e.AbstractTransferListenerAdapter - Downloaded https://repo.maven.apache.org/maven2/org/springframework/spring-beans/6.0.10/spring-beans-6.0.10-sources.jar
2024-11-17 23:55:33,387 [Worker-34: Download sources and javadoc] INFO  o.e.m.j.internal.DownloadSourcesJob - Downloaded sources for org.springframework:spring-beans:6.0.10
2024-11-17 23:55:33,620 [Worker-34: Download sources and javadoc] INFO  o.e.m.c.i.e.AbstractTransferListenerAdapter - Downloading https://repo.maven.apache.org/maven2/org/springframework/spring-expression/6.0.10/spring-expression-6.0.10-sources.jar
2024-11-17 23:55:33,925 [Worker-34: Download sources and javadoc] INFO  o.e.m.c.i.e.AbstractTransferListenerAdapter - Downloaded https://repo.maven.apache.org/maven2/org/springframework/spring-expression/6.0.10/spring-expression-6.0.10-sources.jar
2024-11-17 23:55:33,929 [Worker-34: Download sources and javadoc] INFO  o.e.m.j.internal.DownloadSourcesJob - Downloaded sources for org.springframework:spring-expression:6.0.10
2024-11-18 00:02:17,888 [Worker-33: Building] INFO  o.a.m.s.f.DefaultMavenResourcesFiltering - skip non existing resourceDirectory D:\Spring_Core\Spring_1\src\main\resources
2024-11-18 00:02:17,890 [Worker-33: Building] INFO  o.a.m.s.f.DefaultMavenResourcesFiltering - skip non existing resourceDirectory D:\Spring_Core\Spring_1\src\test\resources
2024-11-18 00:03:02,164 [Worker-32: Building] INFO  o.a.m.s.f.DefaultMavenResourcesFiltering - skip non existing resourceDirectory D:\Spring_Core\Spring_1\src\main\resources
2024-11-18 00:03:02,166 [Worker-32: Building] INFO  o.a.m.s.f.DefaultMavenResourcesFiltering - skip non existing resourceDirectory D:\Spring_Core\Spring_1\src\test\resources
2024-11-18 00:03:50,577 [Worker-36: Building] INFO  o.a.m.s.f.DefaultMavenResourcesFiltering - skip non existing resourceDirectory D:\Spring_Core\Spring_1\src\main\resources
2024-11-18 00:03:50,580 [Worker-36: Building] INFO  o.a.m.s.f.DefaultMavenResourcesFiltering - skip non existing resourceDirectory D:\Spring_Core\Spring_1\src\test\resources
2024-11-18 00:04:11,755 [Worker-30: Building] INFO  o.a.m.s.f.DefaultMavenResourcesFiltering - skip non existing resourceDirectory D:\Spring_Core\Spring_1\src\main\resources
2024-11-18 00:04:11,757 [Worker-30: Building] INFO  o.a.m.s.f.DefaultMavenResourcesFiltering - skip non existing resourceDirectory D:\Spring_Core\Spring_1\src\test\resources
2024-11-18 00:05:57,949 [Worker-30: Building] INFO  o.a.m.s.f.DefaultMavenResourcesFiltering - skip non existing resourceDirectory D:\Spring_Core\Spring_1\src\main\resources
2024-11-18 00:05:57,951 [Worker-30: Building] INFO  o.a.m.s.f.DefaultMavenResourcesFiltering - skip non existing resourceDirectory D:\Spring_Core\Spring_1\src\test\resources
2024-11-18 00:06:39,552 [Worker-33: Building] INFO  o.a.m.s.f.DefaultMavenResourcesFiltering - skip non existing resourceDirectory D:\Spring_Core\Spring_1\src\main\resources
2024-11-18 00:06:39,554 [Worker-33: Building] INFO  o.a.m.s.f.DefaultMavenResourcesFiltering - skip non existing resourceDirectory D:\Spring_Core\Spring_1\src\test\resources
2024-11-18 00:06:58,057 [Worker-30: Building] INFO  o.a.m.s.f.DefaultMavenResourcesFiltering - skip non existing resourceDirectory D:\Spring_Core\Spring_1\src\main\resources
2024-11-18 00:06:58,058 [Worker-30: Building] INFO  o.a.m.s.f.DefaultMavenResourcesFiltering - skip non existing resourceDirectory D:\Spring_Core\Spring_1\src\test\resources
2024-11-18 00:08:07,999 [Worker-39: Building] INFO  o.a.m.s.f.DefaultMavenResourcesFiltering - skip non existing resourceDirectory D:\Spring_Core\Spring_1\src\main\resources
2024-11-18 00:08:08,001 [Worker-39: Building] INFO  o.a.m.s.f.DefaultMavenResourcesFiltering - skip non existing resourceDirectory D:\Spring_Core\Spring_1\src\test\resources
2024-11-18 00:14:04,735 [Worker-41: Building] INFO  o.a.m.s.f.DefaultMavenResourcesFiltering - skip non existing resourceDirectory D:\Spring_Core\Spring_1\src\main\resources
2024-11-18 00:14:04,737 [Worker-41: Building] INFO  o.a.m.s.f.DefaultMavenResourcesFiltering - skip non existing resourceDirectory D:\Spring_Core\Spring_1\src\test\resources
2024-11-18 00:14:46,137 [Worker-40: Building] INFO  o.a.m.s.f.DefaultMavenResourcesFiltering - skip non existing resourceDirectory D:\Spring_Core\Spring_1\src\main\resources
2024-11-18 00:14:46,140 [Worker-40: Building] INFO  o.a.m.s.f.DefaultMavenResourcesFiltering - skip non existing resourceDirectory D:\Spring_Core\Spring_1\src\test\resources
2024-11-18 00:15:32,651 [Worker-40: Building] INFO  o.a.m.s.f.DefaultMavenResourcesFiltering - skip non existing resourceDirectory D:\Spring_Core\Spring_1\src\main\resources
2024-11-18 00:15:32,654 [Worker-40: Building] INFO  o.a.m.s.f.DefaultMavenResourcesFiltering - skip non existing resourceDirectory D:\Spring_Core\Spring_1\src\test\resources
2024-11-18 00:16:16,246 [Worker-42: Building] INFO  o.a.m.s.f.DefaultMavenResourcesFiltering - skip non existing resourceDirectory D:\Spring_Core\Spring_1\src\main\resources
2024-11-18 00:16:16,248 [Worker-42: Building] INFO  o.a.m.s.f.DefaultMavenResourcesFiltering - skip non existing resourceDirectory D:\Spring_Core\Spring_1\src\test\resources
2024-11-18 00:18:29,500 [Worker-42: Building] INFO  o.a.m.s.f.DefaultMavenResourcesFiltering - skip non existing resourceDirectory D:\Spring_Core\Spring_1\src\main\resources
2024-11-18 00:18:29,502 [Worker-42: Building] INFO  o.a.m.s.f.DefaultMavenResourcesFiltering - skip non existing resourceDirectory D:\Spring_Core\Spring_1\src\test\resources
2024-11-18 00:19:03,366 [Worker-41: Building] INFO  o.a.m.s.f.DefaultMavenResourcesFiltering - skip non existing resourceDirectory D:\Spring_Core\Spring_1\src\main\resources
2024-11-18 00:19:03,368 [Worker-41: Building] INFO  o.a.m.s.f.DefaultMavenResourcesFiltering - skip non existing resourceDirectory D:\Spring_Core\Spring_1\src\test\resources
2024-11-18 00:21:11,586 [Worker-42: Building] INFO  o.a.m.s.f.DefaultMavenResourcesFiltering - skip non existing resourceDirectory D:\Spring_Core\Spring_1\src\main\resources
2024-11-18 00:21:11,588 [Worker-42: Building] INFO  o.a.m.s.f.DefaultMavenResourcesFiltering - skip non existing resourceDirectory D:\Spring_Core\Spring_1\src\test\resources
2024-11-18 00:21:56,305 [Worker-41: Building] INFO  o.a.m.s.f.DefaultMavenResourcesFiltering - skip non existing resourceDirectory D:\Spring_Core\Spring_1\src\main\resources
2024-11-18 00:21:56,307 [Worker-41: Building] INFO  o.a.m.s.f.DefaultMavenResourcesFiltering - skip non existing resourceDirectory D:\Spring_Core\Spring_1\src\test\resources
2024-11-18 00:22:15,861 [Worker-37: Building] INFO  o.a.m.s.f.DefaultMavenResourcesFiltering - skip non existing resourceDirectory D:\Spring_Core\Spring_1\src\main\resources
2024-11-18 00:22:15,862 [Worker-37: Building] INFO  o.a.m.s.f.DefaultMavenResourcesFiltering - skip non existing resourceDirectory D:\Spring_Core\Spring_1\src\test\resources
2024-11-18 00:22:53,586 [Worker-42: Building] INFO  o.a.m.s.f.DefaultMavenResourcesFiltering - skip non existing resourceDirectory D:\Spring_Core\Spring_1\src\main\resources
2024-11-18 00:22:53,587 [Worker-42: Building] INFO  o.a.m.s.f.DefaultMavenResourcesFiltering - skip non existing resourceDirectory D:\Spring_Core\Spring_1\src\test\resources
2024-11-18 09:18:20,324 [Worker-0: Loading available Gradle versions] INFO  o.e.b.c.i.u.g.PublishedGradleVersions - Gradle version information cache is up-to-date. Trying to read.
2024-11-19 17:07:13,082 [Worker-6: Loading available Gradle versions] INFO  o.e.b.c.i.u.g.PublishedGradleVersions - Gradle version information cache is up-to-date. Trying to read.
2024-11-19 17:07:50,821 [Worker-18: Launching mavenrun-bd421ed8-911a-458e-b120-6db907c6dcf9] INFO  o.eclipse.m2e.core.internal.Bundles - getClasspathEntries(Bundle=org.eclipse.m2e.maven.runtime_3.9.900.20240824-1409 [643])
2024-11-19 17:07:50,824 [Worker-18: Launching mavenrun-bd421ed8-911a-458e-b120-6db907c6dcf9] INFO  o.eclipse.m2e.core.internal.Bundles - 	Entry: D:\eclipse\plugins\org.eclipse.m2e.maven.runtime_3.9.900.20240824-1409
2024-11-19 17:07:50,824 [Worker-18: Launching mavenrun-bd421ed8-911a-458e-b120-6db907c6dcf9] INFO  o.eclipse.m2e.core.internal.Bundles - 	Entry: D:\eclipse\plugins\org.eclipse.m2e.maven.runtime_3.9.900.20240824-1409\jars\aopalliance-1.0.jar
2024-11-19 17:07:50,824 [Worker-18: Launching mavenrun-bd421ed8-911a-458e-b120-6db907c6dcf9] INFO  o.eclipse.m2e.core.internal.Bundles - 	Entry: D:\eclipse\plugins\org.eclipse.m2e.maven.runtime_3.9.900.20240824-1409\jars\guice-5.1.0.jar
2024-11-19 17:07:50,824 [Worker-18: Launching mavenrun-bd421ed8-911a-458e-b120-6db907c6dcf9] INFO  o.eclipse.m2e.core.internal.Bundles - 	Entry: D:\eclipse\plugins\org.eclipse.m2e.maven.runtime_3.9.900.20240824-1409\jars\httpclient-4.5.14.jar
2024-11-19 17:07:50,824 [Worker-18: Launching mavenrun-bd421ed8-911a-458e-b120-6db907c6dcf9] INFO  o.eclipse.m2e.core.internal.Bundles - 	Entry: D:\eclipse\plugins\org.eclipse.m2e.maven.runtime_3.9.900.20240824-1409\jars\httpcore-4.4.16.jar
2024-11-19 17:07:50,824 [Worker-18: Launching mavenrun-bd421ed8-911a-458e-b120-6db907c6dcf9] INFO  o.eclipse.m2e.core.internal.Bundles - 	Entry: D:\eclipse\plugins\org.eclipse.m2e.maven.runtime_3.9.900.20240824-1409\jars\jansi-2.4.1.jar
2024-11-19 17:07:50,824 [Worker-18: Launching mavenrun-bd421ed8-911a-458e-b120-6db907c6dcf9] INFO  o.eclipse.m2e.core.internal.Bundles - 	Entry: D:\eclipse\plugins\org.eclipse.m2e.maven.runtime_3.9.900.20240824-1409\jars\jcl-over-slf4j-1.7.36.jar
2024-11-19 17:07:50,824 [Worker-18: Launching mavenrun-bd421ed8-911a-458e-b120-6db907c6dcf9] INFO  o.eclipse.m2e.core.internal.Bundles - 	Entry: D:\eclipse\plugins\org.eclipse.m2e.maven.runtime_3.9.900.20240824-1409\jars\maven-artifact-3.9.9.jar
2024-11-19 17:07:50,825 [Worker-18: Launching mavenrun-bd421ed8-911a-458e-b120-6db907c6dcf9] INFO  o.eclipse.m2e.core.internal.Bundles - 	Entry: D:\eclipse\plugins\org.eclipse.m2e.maven.runtime_3.9.900.20240824-1409\jars\maven-builder-support-3.9.9.jar
2024-11-19 17:07:50,825 [Worker-18: Launching mavenrun-bd421ed8-911a-458e-b120-6db907c6dcf9] INFO  o.eclipse.m2e.core.internal.Bundles - 	Entry: D:\eclipse\plugins\org.eclipse.m2e.maven.runtime_3.9.900.20240824-1409\jars\maven-compat-3.9.9.jar
2024-11-19 17:07:50,825 [Worker-18: Launching mavenrun-bd421ed8-911a-458e-b120-6db907c6dcf9] INFO  o.eclipse.m2e.core.internal.Bundles - 	Entry: D:\eclipse\plugins\org.eclipse.m2e.maven.runtime_3.9.900.20240824-1409\jars\maven-core-3.9.9.jar
2024-11-19 17:07:50,825 [Worker-18: Launching mavenrun-bd421ed8-911a-458e-b120-6db907c6dcf9] INFO  o.eclipse.m2e.core.internal.Bundles - 	Entry: D:\eclipse\plugins\org.eclipse.m2e.maven.runtime_3.9.900.20240824-1409\jars\maven-embedder-3.9.9.jar
2024-11-19 17:07:50,825 [Worker-18: Launching mavenrun-bd421ed8-911a-458e-b120-6db907c6dcf9] INFO  o.eclipse.m2e.core.internal.Bundles - 	Entry: D:\eclipse\plugins\org.eclipse.m2e.maven.runtime_3.9.900.20240824-1409\jars\maven-model-3.9.9.jar
2024-11-19 17:07:50,825 [Worker-18: Launching mavenrun-bd421ed8-911a-458e-b120-6db907c6dcf9] INFO  o.eclipse.m2e.core.internal.Bundles - 	Entry: D:\eclipse\plugins\org.eclipse.m2e.maven.runtime_3.9.900.20240824-1409\jars\maven-model-builder-3.9.9.jar
2024-11-19 17:07:50,825 [Worker-18: Launching mavenrun-bd421ed8-911a-458e-b120-6db907c6dcf9] INFO  o.eclipse.m2e.core.internal.Bundles - 	Entry: D:\eclipse\plugins\org.eclipse.m2e.maven.runtime_3.9.900.20240824-1409\jars\maven-plugin-api-3.9.9.jar
2024-11-19 17:07:50,825 [Worker-18: Launching mavenrun-bd421ed8-911a-458e-b120-6db907c6dcf9] INFO  o.eclipse.m2e.core.internal.Bundles - 	Entry: D:\eclipse\plugins\org.eclipse.m2e.maven.runtime_3.9.900.20240824-1409\jars\maven-repository-metadata-3.9.9.jar
2024-11-19 17:07:50,825 [Worker-18: Launching mavenrun-bd421ed8-911a-458e-b120-6db907c6dcf9] INFO  o.eclipse.m2e.core.internal.Bundles - 	Entry: D:\eclipse\plugins\org.eclipse.m2e.maven.runtime_3.9.900.20240824-1409\jars\maven-resolver-api-1.9.22.jar
2024-11-19 17:07:50,825 [Worker-18: Launching mavenrun-bd421ed8-911a-458e-b120-6db907c6dcf9] INFO  o.eclipse.m2e.core.internal.Bundles - 	Entry: D:\eclipse\plugins\org.eclipse.m2e.maven.runtime_3.9.900.20240824-1409\jars\maven-resolver-connector-basic-1.9.22.jar
2024-11-19 17:07:50,825 [Worker-18: Launching mavenrun-bd421ed8-911a-458e-b120-6db907c6dcf9] INFO  o.eclipse.m2e.core.internal.Bundles - 	Entry: D:\eclipse\plugins\org.eclipse.m2e.maven.runtime_3.9.900.20240824-1409\jars\maven-resolver-impl-1.9.22.jar
2024-11-19 17:07:50,826 [Worker-18: Launching mavenrun-bd421ed8-911a-458e-b120-6db907c6dcf9] INFO  o.eclipse.m2e.core.internal.Bundles - 	Entry: D:\eclipse\plugins\org.eclipse.m2e.maven.runtime_3.9.900.20240824-1409\jars\maven-resolver-named-locks-1.9.22.jar
2024-11-19 17:07:50,826 [Worker-18: Launching mavenrun-bd421ed8-911a-458e-b120-6db907c6dcf9] INFO  o.eclipse.m2e.core.internal.Bundles - 	Entry: D:\eclipse\plugins\org.eclipse.m2e.maven.runtime_3.9.900.20240824-1409\jars\maven-resolver-provider-3.9.9.jar
2024-11-19 17:07:50,826 [Worker-18: Launching mavenrun-bd421ed8-911a-458e-b120-6db907c6dcf9] INFO  o.eclipse.m2e.core.internal.Bundles - 	Entry: D:\eclipse\plugins\org.eclipse.m2e.maven.runtime_3.9.900.20240824-1409\jars\maven-resolver-spi-1.9.22.jar
2024-11-19 17:07:50,826 [Worker-18: Launching mavenrun-bd421ed8-911a-458e-b120-6db907c6dcf9] INFO  o.eclipse.m2e.core.internal.Bundles - 	Entry: D:\eclipse\plugins\org.eclipse.m2e.maven.runtime_3.9.900.20240824-1409\jars\maven-resolver-transport-file-1.9.22.jar
2024-11-19 17:07:50,826 [Worker-18: Launching mavenrun-bd421ed8-911a-458e-b120-6db907c6dcf9] INFO  o.eclipse.m2e.core.internal.Bundles - 	Entry: D:\eclipse\plugins\org.eclipse.m2e.maven.runtime_3.9.900.20240824-1409\jars\maven-resolver-transport-http-1.9.22.jar
2024-11-19 17:07:50,826 [Worker-18: Launching mavenrun-bd421ed8-911a-458e-b120-6db907c6dcf9] INFO  o.eclipse.m2e.core.internal.Bundles - 	Entry: D:\eclipse\plugins\org.eclipse.m2e.maven.runtime_3.9.900.20240824-1409\jars\maven-resolver-transport-wagon-1.9.22.jar
2024-11-19 17:07:50,826 [Worker-18: Launching mavenrun-bd421ed8-911a-458e-b120-6db907c6dcf9] INFO  o.eclipse.m2e.core.internal.Bundles - 	Entry: D:\eclipse\plugins\org.eclipse.m2e.maven.runtime_3.9.900.20240824-1409\jars\maven-resolver-util-1.9.22.jar
2024-11-19 17:07:50,826 [Worker-18: Launching mavenrun-bd421ed8-911a-458e-b120-6db907c6dcf9] INFO  o.eclipse.m2e.core.internal.Bundles - 	Entry: D:\eclipse\plugins\org.eclipse.m2e.maven.runtime_3.9.900.20240824-1409\jars\maven-settings-3.9.9.jar
2024-11-19 17:07:50,826 [Worker-18: Launching mavenrun-bd421ed8-911a-458e-b120-6db907c6dcf9] INFO  o.eclipse.m2e.core.internal.Bundles - 	Entry: D:\eclipse\plugins\org.eclipse.m2e.maven.runtime_3.9.900.20240824-1409\jars\maven-settings-builder-3.9.9.jar
2024-11-19 17:07:50,826 [Worker-18: Launching mavenrun-bd421ed8-911a-458e-b120-6db907c6dcf9] INFO  o.eclipse.m2e.core.internal.Bundles - 	Entry: D:\eclipse\plugins\org.eclipse.m2e.maven.runtime_3.9.900.20240824-1409\jars\maven-shared-utils-3.4.2.jar
2024-11-19 17:07:50,826 [Worker-18: Launching mavenrun-bd421ed8-911a-458e-b120-6db907c6dcf9] INFO  o.eclipse.m2e.core.internal.Bundles - 	Entry: D:\eclipse\plugins\org.eclipse.m2e.maven.runtime_3.9.900.20240824-1409\jars\org.eclipse.sisu.inject-0.9.0.M3.jar
2024-11-19 17:07:50,826 [Worker-18: Launching mavenrun-bd421ed8-911a-458e-b120-6db907c6dcf9] INFO  o.eclipse.m2e.core.internal.Bundles - 	Entry: D:\eclipse\plugins\org.eclipse.m2e.maven.runtime_3.9.900.20240824-1409\jars\org.eclipse.sisu.plexus-0.9.0.M3.jar
2024-11-19 17:07:50,826 [Worker-18: Launching mavenrun-bd421ed8-911a-458e-b120-6db907c6dcf9] INFO  o.eclipse.m2e.core.internal.Bundles - 	Entry: D:\eclipse\plugins\org.eclipse.m2e.maven.runtime_3.9.900.20240824-1409\jars\plexus-build-api-0.0.7.jar
2024-11-19 17:07:50,826 [Worker-18: Launching mavenrun-bd421ed8-911a-458e-b120-6db907c6dcf9] INFO  o.eclipse.m2e.core.internal.Bundles - 	Entry: D:\eclipse\plugins\org.eclipse.m2e.maven.runtime_3.9.900.20240824-1409\jars\plexus-build-api-1.2.0.jar
2024-11-19 17:07:50,827 [Worker-18: Launching mavenrun-bd421ed8-911a-458e-b120-6db907c6dcf9] INFO  o.eclipse.m2e.core.internal.Bundles - 	Entry: D:\eclipse\plugins\org.eclipse.m2e.maven.runtime_3.9.900.20240824-1409\jars\plexus-cipher-2.0.jar
2024-11-19 17:07:50,827 [Worker-18: Launching mavenrun-bd421ed8-911a-458e-b120-6db907c6dcf9] INFO  o.eclipse.m2e.core.internal.Bundles - 	Entry: D:\eclipse\plugins\org.eclipse.m2e.maven.runtime_3.9.900.20240824-1409\jars\plexus-classworlds-2.8.0.jar
2024-11-19 17:07:50,827 [Worker-18: Launching mavenrun-bd421ed8-911a-458e-b120-6db907c6dcf9] INFO  o.eclipse.m2e.core.internal.Bundles - 	Entry: D:\eclipse\plugins\org.eclipse.m2e.maven.runtime_3.9.900.20240824-1409\jars\plexus-component-annotations-2.1.0.jar
2024-11-19 17:07:50,827 [Worker-18: Launching mavenrun-bd421ed8-911a-458e-b120-6db907c6dcf9] INFO  o.eclipse.m2e.core.internal.Bundles - 	Entry: D:\eclipse\plugins\org.eclipse.m2e.maven.runtime_3.9.900.20240824-1409\jars\plexus-interpolation-1.27.jar
2024-11-19 17:07:50,827 [Worker-18: Launching mavenrun-bd421ed8-911a-458e-b120-6db907c6dcf9] INFO  o.eclipse.m2e.core.internal.Bundles - 	Entry: D:\eclipse\plugins\org.eclipse.m2e.maven.runtime_3.9.900.20240824-1409\jars\plexus-sec-dispatcher-2.0.jar
2024-11-19 17:07:50,827 [Worker-18: Launching mavenrun-bd421ed8-911a-458e-b120-6db907c6dcf9] INFO  o.eclipse.m2e.core.internal.Bundles - 	Entry: D:\eclipse\plugins\org.eclipse.m2e.maven.runtime_3.9.900.20240824-1409\jars\plexus-utils-3.5.1.jar
2024-11-19 17:07:50,827 [Worker-18: Launching mavenrun-bd421ed8-911a-458e-b120-6db907c6dcf9] INFO  o.eclipse.m2e.core.internal.Bundles - 	Entry: D:\eclipse\plugins\org.eclipse.m2e.maven.runtime_3.9.900.20240824-1409\jars\plexus-xml-3.0.1.jar
2024-11-19 17:07:50,827 [Worker-18: Launching mavenrun-bd421ed8-911a-458e-b120-6db907c6dcf9] INFO  o.eclipse.m2e.core.internal.Bundles - 	Entry: D:\eclipse\plugins\org.eclipse.m2e.maven.runtime_3.9.900.20240824-1409\jars\wagon-file-3.5.3.jar
2024-11-19 17:07:50,827 [Worker-18: Launching mavenrun-bd421ed8-911a-458e-b120-6db907c6dcf9] INFO  o.eclipse.m2e.core.internal.Bundles - 	Entry: D:\eclipse\plugins\org.eclipse.m2e.maven.runtime_3.9.900.20240824-1409\jars\wagon-http-3.5.3.jar
2024-11-19 17:07:50,827 [Worker-18: Launching mavenrun-bd421ed8-911a-458e-b120-6db907c6dcf9] INFO  o.eclipse.m2e.core.internal.Bundles - 	Entry: D:\eclipse\plugins\org.eclipse.m2e.maven.runtime_3.9.900.20240824-1409\jars\wagon-http-shared-3.5.3.jar
2024-11-19 17:07:50,828 [Worker-18: Launching mavenrun-bd421ed8-911a-458e-b120-6db907c6dcf9] INFO  o.eclipse.m2e.core.internal.Bundles - 	Entry: D:\eclipse\plugins\org.eclipse.m2e.maven.runtime_3.9.900.20240824-1409\jars\wagon-provider-api-3.5.3.jar
2024-11-19 17:07:50,829 [Worker-18: Launching mavenrun-bd421ed8-911a-458e-b120-6db907c6dcf9] INFO  o.eclipse.m2e.core.internal.Bundles - getClasspathEntries(Bundle=com.google.guava_33.3.0.jre [16])
2024-11-19 17:07:50,830 [Worker-18: Launching mavenrun-bd421ed8-911a-458e-b120-6db907c6dcf9] INFO  o.eclipse.m2e.core.internal.Bundles - 	Entry: D:\eclipse\plugins\com.google.guava_33.3.0.jre.jar
2024-11-19 17:07:50,830 [Worker-18: Launching mavenrun-bd421ed8-911a-458e-b120-6db907c6dcf9] INFO  o.eclipse.m2e.core.internal.Bundles - getClasspathEntries(Bundle=slf4j.api_2.0.16 [1008])
2024-11-19 17:07:50,830 [Worker-18: Launching mavenrun-bd421ed8-911a-458e-b120-6db907c6dcf9] INFO  o.eclipse.m2e.core.internal.Bundles - 	Entry: D:\eclipse\plugins\slf4j.api_2.0.16.jar
2024-11-19 17:07:50,830 [Worker-18: Launching mavenrun-bd421ed8-911a-458e-b120-6db907c6dcf9] INFO  o.eclipse.m2e.core.internal.Bundles - getClasspathEntries(Bundle=jakarta.inject.jakarta.inject-api_1.0.5 [34])
2024-11-19 17:07:50,830 [Worker-18: Launching mavenrun-bd421ed8-911a-458e-b120-6db907c6dcf9] INFO  o.eclipse.m2e.core.internal.Bundles - 	Entry: D:\eclipse\plugins\jakarta.inject.jakarta.inject-api_1.0.5.jar
2024-11-19 17:07:50,830 [Worker-18: Launching mavenrun-bd421ed8-911a-458e-b120-6db907c6dcf9] INFO  o.eclipse.m2e.core.internal.Bundles - getClasspathEntries(Bundle=jakarta.annotation-api_1.3.5 [29])
2024-11-19 17:07:50,830 [Worker-18: Launching mavenrun-bd421ed8-911a-458e-b120-6db907c6dcf9] INFO  o.eclipse.m2e.core.internal.Bundles - 	Entry: D:\eclipse\plugins\jakarta.annotation-api_1.3.5.jar
2024-11-19 17:07:50,830 [Worker-18: Launching mavenrun-bd421ed8-911a-458e-b120-6db907c6dcf9] INFO  o.eclipse.m2e.core.internal.Bundles - getClasspathEntries(Bundle=org.apache.commons.cli_1.9.0 [78])
2024-11-19 17:07:50,831 [Worker-18: Launching mavenrun-bd421ed8-911a-458e-b120-6db907c6dcf9] INFO  o.eclipse.m2e.core.internal.Bundles - 	Entry: D:\eclipse\plugins\org.apache.commons.cli_1.9.0.jar
2024-11-19 17:07:50,831 [Worker-18: Launching mavenrun-bd421ed8-911a-458e-b120-6db907c6dcf9] INFO  o.eclipse.m2e.core.internal.Bundles - getClasspathEntries(Bundle=org.apache.commons.commons-codec_1.16.0 [81])
2024-11-19 17:07:50,831 [Worker-18: Launching mavenrun-bd421ed8-911a-458e-b120-6db907c6dcf9] INFO  o.eclipse.m2e.core.internal.Bundles - 	Entry: D:\eclipse\plugins\org.apache.commons.commons-codec_1.16.0.jar
2024-11-19 17:07:50,831 [Worker-18: Launching mavenrun-bd421ed8-911a-458e-b120-6db907c6dcf9] INFO  o.eclipse.m2e.core.internal.Bundles - getClasspathEntries(Bundle=com.google.guava.failureaccess_1.0.2 [17])
2024-11-19 17:07:50,831 [Worker-18: Launching mavenrun-bd421ed8-911a-458e-b120-6db907c6dcf9] INFO  o.eclipse.m2e.core.internal.Bundles - 	Entry: D:\eclipse\plugins\com.google.guava.failureaccess_1.0.2.jar
2024-11-19 17:07:50,835 [Worker-18: Launching mavenrun-bd421ed8-911a-458e-b120-6db907c6dcf9] INFO  o.e.m.i.launch.MavenLaunchDelegate - Run build in "C:\Users\yoges\AppData\Local\Temp\m2e-archetypeGenerator17251910465906518068":
2024-11-19 17:07:50,840 [Worker-18: Launching mavenrun-bd421ed8-911a-458e-b120-6db907c6dcf9] INFO  o.e.m.i.launch.MavenLaunchDelegate -  mvn  -DarchetypeGroupId=org.apache.maven.archetypes -DarchetypeArtifactId=maven-archetype-quickstart -DarchetypeVersion=1.1 -DgroupId=Spring_2 -DartifactId=Spring_2 -Dversion=0.0.1-SNAPSHOT -Dpackage=com.mycompany -DoutputDirectory=D:\Spring_Core -Dstyle.color=always -U archetype:generate
2024-11-19 17:09:15,724 [Worker-10: Creating maven-archetype-quickstart] INFO  o.e.m.c.i.p.ProjectConfigurationManager - Collecting project info '/pom.xml' D:\Spring_Core\Spring_2\pom.xml
2024-11-19 17:09:17,377 [Worker-10: Creating maven-archetype-quickstart] INFO  o.e.m.c.i.l.LifecycleMappingFactory - Using org.eclipse.m2e.jdt.JarLifecycleMapping lifecycle mapping for MavenProject: Spring_2:Spring_2:0.0.1-SNAPSHOT @ D:\Spring_Core\Spring_2\pom.xml.
2024-11-19 17:09:18,672 [Worker-10: Creating maven-archetype-quickstart] INFO  o.e.m.j.i.AbstractJavaProjectConfigurator - Adding source folder /Spring_2/src/main/java
2024-11-19 17:09:18,674 [Worker-10: Creating maven-archetype-quickstart] INFO  o.e.m.j.i.AbstractJavaProjectConfigurator - Adding resource folder /Spring_2/src/main/resources
2024-11-19 17:09:18,682 [Worker-10: Creating maven-archetype-quickstart] INFO  o.e.m.j.i.AbstractJavaProjectConfigurator - Adding source folder /Spring_2/src/test/java
2024-11-19 17:09:18,683 [Worker-10: Creating maven-archetype-quickstart] INFO  o.e.m.j.i.AbstractJavaProjectConfigurator - Adding resource folder /Spring_2/src/test/resources
2024-11-19 17:09:18,803 [Worker-10: Creating maven-archetype-quickstart] INFO  o.e.m.c.i.p.ProjectConfigurationManager - Imported and configured 1 project(s) in 3 sec
2024-11-19 17:09:19,187 [Worker-16: Building] INFO  o.a.m.s.f.DefaultMavenResourcesFiltering - skip non existing resourceDirectory D:\Spring_Core\Spring_2\src\main\resources
2024-11-19 17:09:19,190 [Worker-16: Building] INFO  o.a.m.s.f.DefaultMavenResourcesFiltering - skip non existing resourceDirectory D:\Spring_Core\Spring_2\src\test\resources
2024-11-19 17:14:47,796 [Worker-26: Building] INFO  o.e.m.c.i.l.LifecycleMappingFactory - Using org.eclipse.m2e.jdt.JarLifecycleMapping lifecycle mapping for MavenProject: Spring_2:Spring_2:0.0.1-SNAPSHOT @ D:\Spring_Core\Spring_2\pom.xml.
2024-11-19 17:14:47,982 [Worker-26: Building] INFO  o.a.m.s.f.DefaultMavenResourcesFiltering - skip non existing resourceDirectory D:\Spring_Core\Spring_2\src\main\resources
2024-11-19 17:14:47,987 [Worker-26: Building] INFO  o.a.m.s.f.DefaultMavenResourcesFiltering - skip non existing resourceDirectory D:\Spring_Core\Spring_2\src\test\resources
2024-11-19 17:14:49,526 [Worker-17: Building] INFO  o.a.m.s.f.DefaultMavenResourcesFiltering - skip non existing resourceDirectory D:\Spring_Core\Spring_2\src\main\resources
2024-11-19 17:14:49,530 [Worker-17: Building] INFO  o.a.m.s.f.DefaultMavenResourcesFiltering - skip non existing resourceDirectory D:\Spring_Core\Spring_2\src\test\resources
2024-11-19 17:15:50,663 [Worker-17: Building] INFO  o.a.m.s.f.DefaultMavenResourcesFiltering - skip non existing resourceDirectory D:\Spring_Core\Spring_1\src\main\resources
2024-11-19 17:15:50,665 [Worker-17: Building] INFO  o.a.m.s.f.DefaultMavenResourcesFiltering - skip non existing resourceDirectory D:\Spring_Core\Spring_1\src\test\resources
2024-11-19 17:17:05,155 [Worker-24: Building] INFO  o.a.m.s.f.DefaultMavenResourcesFiltering - skip non existing resourceDirectory D:\Spring_Core\Spring_2\src\main\resources
2024-11-19 17:17:05,157 [Worker-24: Building] INFO  o.a.m.s.f.DefaultMavenResourcesFiltering - skip non existing resourceDirectory D:\Spring_Core\Spring_2\src\test\resources
2024-11-19 17:18:28,095 [Worker-24: Building] INFO  o.a.m.s.f.DefaultMavenResourcesFiltering - skip non existing resourceDirectory D:\Spring_Core\Spring_2\src\main\resources
2024-11-19 17:18:28,099 [Worker-24: Building] INFO  o.a.m.s.f.DefaultMavenResourcesFiltering - skip non existing resourceDirectory D:\Spring_Core\Spring_2\src\test\resources
2024-11-19 17:19:38,994 [Worker-27: Building] INFO  o.a.m.s.f.DefaultMavenResourcesFiltering - skip non existing resourceDirectory D:\Spring_Core\Spring_2\src\main\resources
2024-11-19 17:19:38,996 [Worker-27: Building] INFO  o.a.m.s.f.DefaultMavenResourcesFiltering - skip non existing resourceDirectory D:\Spring_Core\Spring_2\src\test\resources
2024-11-19 17:19:45,434 [Worker-27: Building] INFO  o.a.m.s.f.DefaultMavenResourcesFiltering - skip non existing resourceDirectory D:\Spring_Core\Spring_2\src\main\resources
2024-11-19 17:19:45,435 [Worker-27: Building] INFO  o.a.m.s.f.DefaultMavenResourcesFiltering - skip non existing resourceDirectory D:\Spring_Core\Spring_2\src\test\resources
2024-11-19 17:21:23,749 [Worker-17: Building] INFO  o.a.m.s.f.DefaultMavenResourcesFiltering - skip non existing resourceDirectory D:\Spring_Core\Spring_2\src\main\resources
2024-11-19 17:21:23,751 [Worker-17: Building] INFO  o.a.m.s.f.DefaultMavenResourcesFiltering - skip non existing resourceDirectory D:\Spring_Core\Spring_2\src\test\resources
2024-11-19 17:21:46,107 [Worker-26: Building] INFO  o.a.m.s.f.DefaultMavenResourcesFiltering - skip non existing resourceDirectory D:\Spring_Core\Spring_2\src\main\resources
2024-11-19 17:21:46,109 [Worker-26: Building] INFO  o.a.m.s.f.DefaultMavenResourcesFiltering - skip non existing resourceDirectory D:\Spring_Core\Spring_2\src\test\resources
2024-11-19 17:22:20,012 [Worker-27: Building] INFO  o.a.m.s.f.DefaultMavenResourcesFiltering - skip non existing resourceDirectory D:\Spring_Core\Spring_2\src\main\resources
2024-11-19 17:22:20,016 [Worker-27: Building] INFO  o.a.m.s.f.DefaultMavenResourcesFiltering - skip non existing resourceDirectory D:\Spring_Core\Spring_2\src\test\resources
2024-11-19 17:30:15,998 [Worker-24: Building] INFO  o.a.m.s.f.DefaultMavenResourcesFiltering - skip non existing resourceDirectory D:\Spring_Core\Spring_2\src\main\resources
2024-11-19 17:30:16,000 [Worker-24: Building] INFO  o.a.m.s.f.DefaultMavenResourcesFiltering - skip non existing resourceDirectory D:\Spring_Core\Spring_2\src\test\resources
2024-11-19 17:30:43,538 [Worker-17: Building] INFO  o.a.m.s.f.DefaultMavenResourcesFiltering - skip non existing resourceDirectory D:\Spring_Core\Spring_2\src\main\resources
2024-11-19 17:30:43,540 [Worker-17: Building] INFO  o.a.m.s.f.DefaultMavenResourcesFiltering - skip non existing resourceDirectory D:\Spring_Core\Spring_2\src\test\resources
2024-11-19 17:30:56,594 [Worker-31: Building] INFO  o.a.m.s.f.DefaultMavenResourcesFiltering - skip non existing resourceDirectory D:\Spring_Core\Spring_2\src\main\resources
2024-11-19 17:30:56,597 [Worker-31: Building] INFO  o.a.m.s.f.DefaultMavenResourcesFiltering - skip non existing resourceDirectory D:\Spring_Core\Spring_2\src\test\resources
2024-11-19 17:31:19,584 [Worker-17: Building] INFO  o.a.m.s.f.DefaultMavenResourcesFiltering - skip non existing resourceDirectory D:\Spring_Core\Spring_2\src\main\resources
2024-11-19 17:31:19,586 [Worker-17: Building] INFO  o.a.m.s.f.DefaultMavenResourcesFiltering - skip non existing resourceDirectory D:\Spring_Core\Spring_2\src\test\resources
2024-11-19 17:32:23,985 [Worker-33: Building] INFO  o.a.m.s.f.DefaultMavenResourcesFiltering - skip non existing resourceDirectory D:\Spring_Core\Spring_2\src\main\resources
2024-11-19 17:32:23,987 [Worker-33: Building] INFO  o.a.m.s.f.DefaultMavenResourcesFiltering - skip non existing resourceDirectory D:\Spring_Core\Spring_2\src\test\resources
2024-11-19 17:34:35,300 [Worker-32: Building] INFO  o.a.m.s.f.DefaultMavenResourcesFiltering - skip non existing resourceDirectory D:\Spring_Core\Spring_2\src\main\resources
2024-11-19 17:34:35,301 [Worker-32: Building] INFO  o.a.m.s.f.DefaultMavenResourcesFiltering - skip non existing resourceDirectory D:\Spring_Core\Spring_2\src\test\resources
2024-11-19 17:37:18,164 [Worker-24: Building] INFO  o.a.m.s.f.DefaultMavenResourcesFiltering - skip non existing resourceDirectory D:\Spring_Core\Spring_2\src\main\resources
2024-11-19 17:37:18,168 [Worker-24: Building] INFO  o.a.m.s.f.DefaultMavenResourcesFiltering - skip non existing resourceDirectory D:\Spring_Core\Spring_2\src\test\resources
2024-11-19 17:40:14,936 [Worker-31: Building] INFO  o.a.m.s.f.DefaultMavenResourcesFiltering - skip non existing resourceDirectory D:\Spring_Core\Spring_2\src\main\resources
2024-11-19 17:40:14,938 [Worker-31: Building] INFO  o.a.m.s.f.DefaultMavenResourcesFiltering - skip non existing resourceDirectory D:\Spring_Core\Spring_2\src\test\resources
2024-11-19 17:41:40,888 [Worker-32: Building] INFO  o.a.m.s.f.DefaultMavenResourcesFiltering - skip non existing resourceDirectory D:\Spring_Core\Spring_2\src\main\resources
2024-11-19 17:41:40,889 [Worker-32: Building] INFO  o.a.m.s.f.DefaultMavenResourcesFiltering - skip non existing resourceDirectory D:\Spring_Core\Spring_2\src\test\resources
2024-11-19 17:42:37,639 [Worker-33: Building] INFO  o.a.m.s.f.DefaultMavenResourcesFiltering - skip non existing resourceDirectory D:\Spring_Core\Spring_2\src\main\resources
2024-11-19 17:42:37,640 [Worker-33: Building] INFO  o.a.m.s.f.DefaultMavenResourcesFiltering - skip non existing resourceDirectory D:\Spring_Core\Spring_2\src\test\resources
2024-11-19 17:43:15,873 [Worker-31: Building] INFO  o.a.m.s.f.DefaultMavenResourcesFiltering - skip non existing resourceDirectory D:\Spring_Core\Spring_2\src\main\resources
2024-11-19 17:43:15,875 [Worker-31: Building] INFO  o.a.m.s.f.DefaultMavenResourcesFiltering - skip non existing resourceDirectory D:\Spring_Core\Spring_2\src\test\resources
2024-11-19 17:44:26,845 [Worker-32: Building] INFO  o.a.m.s.f.DefaultMavenResourcesFiltering - skip non existing resourceDirectory D:\Spring_Core\Spring_2\src\main\resources
2024-11-19 17:44:26,848 [Worker-32: Building] INFO  o.a.m.s.f.DefaultMavenResourcesFiltering - skip non existing resourceDirectory D:\Spring_Core\Spring_2\src\test\resources
2024-11-19 17:44:57,430 [Worker-34: Building] INFO  o.a.m.s.f.DefaultMavenResourcesFiltering - skip non existing resourceDirectory D:\Spring_Core\Spring_2\src\main\resources
2024-11-19 17:44:57,433 [Worker-34: Building] INFO  o.a.m.s.f.DefaultMavenResourcesFiltering - skip non existing resourceDirectory D:\Spring_Core\Spring_2\src\test\resources
